build/app/intermediates/proguard-rules/release/aapt_rules.txt
# Referenced at release/arm64-v8a/AndroidManifest.xml:21
-keep class androidx.core.app.CoreComponentFactory { <init>(); }
# Referenced at release/arm64-v8a/AndroidManifest.xml:26
-keep class com.example.koompi_hotspot.MainActivity { <init>(); }
# Referenced at release/arm64-v8a/AndroidManifest.xml:21
-keep class io.flutter.app.FlutterApplication { <init>(); }