build/app/outputs/mapping/release/mapping.txt
# compiler: R8
# compiler_version: 1.5.64
# min_api: 16
# pg_map_id: bc0cbf2
com.example.koompi_hotspot.MainActivity -> com.example.koompi_hotspot.MainActivity:
    void configureFlutterEngine(io.flutter.embedding.engine.FlutterEngine) -> a
...
androidx.lifecycle.LifecycleOwner -> androidx.lifecycle.g:
    androidx.lifecycle.Lifecycle getLifecycle() -> d
androidx.lifecycle.LifecycleRegistry -> androidx.lifecycle.h:
    androidx.lifecycle.Lifecycle$State mState -> b
    androidx.arch.core.internal.FastSafeIterableMap mObserverMap -> a
    boolean mHandlingEvent -> e
    java.util.ArrayList mParentStates -> g
    java.lang.ref.WeakReference mLifecycleOwner -> c
    boolean mNewEventOccurred -> f
    int mAddingObserverCounter -> d
    void backwardPass(androidx.lifecycle.LifecycleOwner) -> a
    androidx.lifecycle.Lifecycle$Event downEvent(androidx.lifecycle.Lifecycle$State) -> a
    androidx.lifecycle.Lifecycle$State getCurrentState() -> a
    void handleLifecycleEvent(androidx.lifecycle.Lifecycle$Event) -> a
    androidx.lifecycle.Lifecycle$State min(androidx.lifecycle.Lifecycle$State,androidx.lifecycle.Lifecycle$State) -> a
    void forwardPass(androidx.lifecycle.LifecycleOwner) -> b
    androidx.lifecycle.Lifecycle$State getStateAfter(androidx.lifecycle.Lifecycle$Event) -> b
    boolean isSynced() -> b
    void moveToState(androidx.lifecycle.Lifecycle$State) -> b
    void popParentState() -> c
    void pushParentState(androidx.lifecycle.Lifecycle$State) -> c
    void sync() -> d
    androidx.lifecycle.Lifecycle$Event upEvent(androidx.lifecycle.Lifecycle$State) -> d
androidx.lifecycle.LifecycleRegistry$1 -> androidx.lifecycle.h$a:
    int[] $SwitchMap$androidx$lifecycle$Lifecycle$State -> b
    int[] $SwitchMap$androidx$lifecycle$Lifecycle$Event -> a
androidx.lifecycle.LifecycleRegistry$ObserverWithState -> androidx.lifecycle.h$b:
    androidx.lifecycle.Lifecycle$State mState -> a
    androidx.lifecycle.GenericLifecycleObserver mLifecycleObserver -> b
    void dispatchEvent(androidx.lifecycle.LifecycleOwner,androidx.lifecycle.Lifecycle$Event) -> a
androidx.lifecycle.LiveData -> androidx.lifecycle.LiveData:
    int mActiveCount -> a
    void dispatchingValue(androidx.lifecycle.LiveData$ObserverWrapper) -> a
    void onActive() -> a
    void removeObserver(androidx.lifecycle.Observer) -> a
    void onInactive() -> b
androidx.lifecycle.LiveData$LifecycleBoundObserver -> androidx.lifecycle.LiveData$LifecycleBoundObserver:
    androidx.lifecycle.LiveData this$0 -> e
    androidx.lifecycle.LifecycleOwner mOwner -> d
    void onStateChanged(androidx.lifecycle.LifecycleOwner,androidx.lifecycle.Lifecycle$Event) -> a
    boolean shouldBeActive() -> a
androidx.lifecycle.LiveData$ObserverWrapper -> androidx.lifecycle.LiveData$a:
    androidx.lifecycle.LiveData this$0 -> c
    androidx.lifecycle.Observer mObserver -> a
    boolean mActive -> b
    void activeStateChanged(boolean) -> a
androidx.lifecycle.MethodCallsLogger -> androidx.lifecycle.i:
androidx.lifecycle.Observer -> androidx.lifecycle.j:
androidx.lifecycle.ReflectiveGenericLifecycleObserver -> androidx.lifecycle.ReflectiveGenericLifecycleObserver:
    androidx.lifecycle.ClassesInfoCache$CallbackInfo mInfo -> b
    java.lang.Object mWrapped -> a
    void onStateChanged(androidx.lifecycle.LifecycleOwner,androidx.lifecycle.Lifecycle$Event) -> a
androidx.lifecycle.SingleGeneratedAdapterObserver -> androidx.lifecycle.SingleGeneratedAdapterObserver:
    androidx.lifecycle.GeneratedAdapter mGeneratedAdapter -> a
    void onStateChanged(androidx.lifecycle.LifecycleOwner,androidx.lifecycle.Lifecycle$Event) -> a
androidx.versionedparcelable.ParcelImpl -> androidx.versionedparcelable.ParcelImpl:
    androidx.versionedparcelable.VersionedParcelable mParcel -> a
androidx.versionedparcelable.ParcelImpl$1 -> androidx.versionedparcelable.ParcelImpl$a: